Started GET "/" for ::1 at 2020-02-01 14:48:51 -0600
  [1m[35m (6.0ms)[0m  [1m[34mSELECT sqlite_version(*)[0m
Processing by Rails::WelcomeController#index as HTML
  Rendering /Users/bananaatomica/.rbenv/versions/2.7.0/lib/ruby/gems/2.7.0/gems/railties-6.0.2.1/lib/rails/templates/rails/welcome/index.html.erb
  Rendered /Users/bananaatomica/.rbenv/versions/2.7.0/lib/ruby/gems/2.7.0/gems/railties-6.0.2.1/lib/rails/templates/rails/welcome/index.html.erb (Duration: 21.4ms | Allocations: 410)
Completed 200 OK in 126ms (Views: 99.5ms | ActiveRecord: 0.0ms | Allocations: 2271)


  [1m[35m (2.4ms)[0m  [1m[34mSELECT sqlite_version(*)[0m
  [1m[35m (2.8ms)[0m  [1m[34mSELECT sqlite_version(*)[0m
  [1m[35m (2.4ms)[0m  [1m[35mCREATE TABLE "schema_migrations" ("version" varchar NOT NULL PRIMARY KEY)[0m
  [1m[35m (12.1ms)[0m  [1m[35mCREATE TABLE "ar_internal_metadata" ("key" varchar NOT NULL PRIMARY KEY, "value" varchar, "created_at" datetime(6) NOT NULL, "updated_at" datetime(6) NOT NULL)[0m
  [1m[35m (0.2ms)[0m  [1m[34mSELECT "schema_migrations"."version" FROM "schema_migrations" ORDER BY "schema_migrations"."version" ASC[0m
Migrating to CreateRooms (20200202220026)
  [1m[35m (2.6ms)[0m  [1m[34mSELECT sqlite_version(*)[0m
  [1m[35m (1.8ms)[0m  [1m[34mSELECT "schema_migrations"."version" FROM "schema_migrations" ORDER BY "schema_migrations"."version" ASC[0m
Migrating to CreateRooms (20200202220026)
  [1m[35m (0.1ms)[0m  [1m[36mbegin transaction[0m
  [1m[35m (0.6ms)[0m  [1m[35mCREATE TABLE "rooms" ("id" integer PRIMARY KEY AUTOINCREMENT NOT NULL, "name" varchar, "slug" varchar, "type" varchar, "price" integer, "size" integer, "capacity" integer, "pets" boolean, "breakfast" boolean, "featured" boolean, "description" varchar, "created_at" datetime(6) NOT NULL, "updated_at" datetime(6) NOT NULL)[0m
  [1m[36mprimary::SchemaMigration Create (2.0ms)[0m  [1m[32mINSERT INTO "schema_migrations" ("version") VALUES (?)[0m  [["version", "20200202220026"]]
  [1m[35m (6.0ms)[0m  [1m[36mcommit transaction[0m
Migrating to CreateImages (20200202222536)
  [1m[35m (0.2ms)[0m  [1m[36mbegin transaction[0m
  [1m[35m (0.5ms)[0m  [1m[35mCREATE TABLE "images" ("id" integer PRIMARY KEY AUTOINCREMENT NOT NULL, "roomImage" varchar, "roomDetails1" varchar, "roomDetails2" varchar, "roomDetails3" varchar, "roomDetails4" varchar, "created_at" datetime(6) NOT NULL, "updated_at" datetime(6) NOT NULL)[0m
  [1m[36mprimary::SchemaMigration Create (0.2ms)[0m  [1m[32mINSERT INTO "schema_migrations" ("version") VALUES (?)[0m  [["version", "20200202222536"]]
  [1m[35m (1.7ms)[0m  [1m[36mcommit transaction[0m
  [1m[36mActiveRecord::InternalMetadata Load (1.6ms)[0m  [1m[34mSELECT "ar_internal_metadata".* FROM "ar_internal_metadata" WHERE "ar_internal_metadata"."key" = ? LIMIT ?[0m  [["key", "environment"], ["LIMIT", 1]]
  [1m[35m (0.1ms)[0m  [1m[36mbegin transaction[0m
  [1m[36mActiveRecord::InternalMetadata Create (1.8ms)[0m  [1m[32mINSERT INTO "ar_internal_metadata" ("key", "value", "created_at", "updated_at") VALUES (?, ?, ?, ?)[0m  [["key", "environment"], ["value", "development"], ["created_at", "2020-02-02 22:26:21.478949"], ["updated_at", "2020-02-02 22:26:21.478949"]]
  [1m[35m (1.6ms)[0m  [1m[36mcommit transaction[0m
  [1m[35m (0.1ms)[0m  [1m[34mSELECT sqlite_version(*)[0m
  [1m[35m (0.2ms)[0m  [1m[34mSELECT "schema_migrations"."version" FROM "schema_migrations" ORDER BY "schema_migrations"."version" ASC[0m
  [1m[35m (1.9ms)[0m  [1m[34mSELECT sqlite_version(*)[0m
  [1m[35m (1.4ms)[0m  [1m[34mSELECT "schema_migrations"."version" FROM "schema_migrations" ORDER BY "schema_migrations"."version" ASC[0m
Migrating to CreateExtras (20200202223644)
  [1m[35m (0.2ms)[0m  [1m[36mbegin transaction[0m
  [1m[35m (1.6ms)[0m  [1m[35mCREATE TABLE "extras" ("id" integer PRIMARY KEY AUTOINCREMENT NOT NULL, "extras1" varchar, "extras2" varchar, "extras3" varchar, "extras4" varchar, "extras5" varchar, "extras6" varchar, "created_at" datetime(6) NOT NULL, "updated_at" datetime(6) NOT NULL)[0m
  [1m[36mprimary::SchemaMigration Create (1.3ms)[0m  [1m[32mINSERT INTO "schema_migrations" ("version") VALUES (?)[0m  [["version", "20200202223644"]]
  [1m[35m (1.6ms)[0m  [1m[36mcommit transaction[0m
  [1m[36mActiveRecord::InternalMetadata Load (1.7ms)[0m  [1m[34mSELECT "ar_internal_metadata".* FROM "ar_internal_metadata" WHERE "ar_internal_metadata"."key" = ? LIMIT ?[0m  [["key", "environment"], ["LIMIT", 1]]
  [1m[35m (0.1ms)[0m  [1m[34mSELECT sqlite_version(*)[0m
  [1m[35m (0.1ms)[0m  [1m[34mSELECT "schema_migrations"."version" FROM "schema_migrations" ORDER BY "schema_migrations"."version" ASC[0m
  [1m[35m (0.4ms)[0m  [1m[34mSELECT sqlite_version(*)[0m
  [1m[35m (0.1ms)[0m  [1m[34mSELECT "schema_migrations"."version" FROM "schema_migrations" ORDER BY "schema_migrations"."version" ASC[0m
  [1m[35m (0.1ms)[0m  [1m[34mSELECT sqlite_version(*)[0m
  [1m[35m (0.7ms)[0m  [1m[34mSELECT sqlite_version(*)[0m
  [1m[35m (0.2ms)[0m  [1m[34mSELECT "schema_migrations"."version" FROM "schema_migrations" ORDER BY "schema_migrations"."version" ASC[0m
  [1m[35m (0.1ms)[0m  [1m[34mSELECT sqlite_version(*)[0m
  [1m[35m (0.5ms)[0m  [1m[34mSELECT sqlite_version(*)[0m
  [1m[35m (0.2ms)[0m  [1m[34mSELECT "schema_migrations"."version" FROM "schema_migrations" ORDER BY "schema_migrations"."version" ASC[0m
  [1m[36mActiveRecord::InternalMetadata Load (0.2ms)[0m  [1m[34mSELECT "ar_internal_metadata".* FROM "ar_internal_metadata" WHERE "ar_internal_metadata"."key" = ? LIMIT ?[0m  [["key", "environment"], ["LIMIT", 1]]
  [1m[35m (0.1ms)[0m  [1m[34mSELECT sqlite_version(*)[0m
  [1m[35m (0.1ms)[0m  [1m[34mSELECT "schema_migrations"."version" FROM "schema_migrations" ORDER BY "schema_migrations"."version" ASC[0m
  [1m[35m (0.4ms)[0m  [1m[34mSELECT sqlite_version(*)[0m
  [1m[35m (0.2ms)[0m  [1m[34mSELECT "schema_migrations"."version" FROM "schema_migrations" ORDER BY "schema_migrations"."version" ASC[0m
  [1m[35m (0.1ms)[0m  [1m[34mSELECT sqlite_version(*)[0m
  [1m[35m (0.4ms)[0m  [1m[34mSELECT sqlite_version(*)[0m
  [1m[35m (0.2ms)[0m  [1m[34mSELECT "schema_migrations"."version" FROM "schema_migrations" ORDER BY "schema_migrations"."version" ASC[0m
Migrating to CreateHotelRooms (20200202225159)
  [1m[35m (0.1ms)[0m  [1m[36mbegin transaction[0m
  [1m[35m (0.9ms)[0m  [1m[35mCREATE TABLE "hotel_rooms" ("id" integer PRIMARY KEY AUTOINCREMENT NOT NULL, "name" varchar, "slug" varchar, "roomType" varchar, "price" integer, "size" integer, "capacity" integer, "pets" boolean, "breakfast" boolean, "featured" boolean, "description" varchar, "created_at" datetime(6) NOT NULL, "updated_at" datetime(6) NOT NULL)[0m
  [1m[36mprimary::SchemaMigration Create (0.2ms)[0m  [1m[32mINSERT INTO "schema_migrations" ("version") VALUES (?)[0m  [["version", "20200202225159"]]
  [1m[35m (7.1ms)[0m  [1m[36mcommit transaction[0m
  [1m[36mActiveRecord::InternalMetadata Load (0.4ms)[0m  [1m[34mSELECT "ar_internal_metadata".* FROM "ar_internal_metadata" WHERE "ar_internal_metadata"."key" = ? LIMIT ?[0m  [["key", "environment"], ["LIMIT", 1]]
  [1m[35m (0.1ms)[0m  [1m[34mSELECT sqlite_version(*)[0m
  [1m[35m (0.1ms)[0m  [1m[34mSELECT "schema_migrations"."version" FROM "schema_migrations" ORDER BY "schema_migrations"."version" ASC[0m
  [1m[35m (0.4ms)[0m  [1m[34mSELECT sqlite_version(*)[0m
  [1m[35m (0.2ms)[0m  [1m[34mSELECT "schema_migrations"."version" FROM "schema_migrations" ORDER BY "schema_migrations"."version" ASC[0m
  [1m[35m (0.4ms)[0m  [1m[34mSELECT sqlite_version(*)[0m
  [1m[35m (0.2ms)[0m  [1m[34mSELECT "schema_migrations"."version" FROM "schema_migrations" ORDER BY "schema_migrations"."version" ASC[0m
  [1m[35m (0.1ms)[0m  [1m[34mSELECT sqlite_version(*)[0m
  [1m[35m (0.1ms)[0m  [1m[36mbegin transaction[0m
  [1m[36mHotelRoom Create (1.8ms)[0m  [1m[32mINSERT INTO "hotel_rooms" ("name", "slug", "roomType", "price", "size", "capacity", "pets", "breakfast", "featured", "description", "created_at", "updated_at") VALUES (?, ?, ?, ?, ?, ?, ?, ?, ?, ?, ?, ?)[0m  [["name", "single-economy"], ["slug", "single economy"], ["roomType", "single"], ["price", 100], ["size", 200], ["capacity", 1], ["pets", 0], ["breakfast", 0], ["featured", 0], ["description", "Street art edison bulb gluten-free, tofu try-hard lumbersexual brooklyn tattooed pickled chambray. Actually humblebrag next level, deep v art party wolf tofu direct trade readymade sustainable hell of banjo. Organic authentic subway tile cliche palo santo, street art XOXO dreamcatcher retro sriracha portland air plant kitsch stumptown. Austin small batch squid gastropub. Pabst pug tumblr gochujang offal retro cloud bread bushwick semiotics before they sold out sartorial literally mlkshk. Vaporware hashtag vice, sartorial before they sold out pok pok health goth trust fund cray."], ["created_at", "2020-02-02 22:54:24.356254"], ["updated_at", "2020-02-02 22:54:24.356254"]]
  [1m[35m (1.9ms)[0m  [1m[36mcommit transaction[0m
  [1m[35m (0.1ms)[0m  [1m[36mbegin transaction[0m
  [1m[36mHotelRoom Create (0.4ms)[0m  [1m[32mINSERT INTO "hotel_rooms" ("name", "slug", "roomType", "price", "size", "capacity", "pets", "breakfast", "featured", "description", "created_at", "updated_at") VALUES (?, ?, ?, ?, ?, ?, ?, ?, ?, ?, ?, ?)[0m  [["name", "single basic"], ["slug", "single-basic"], ["roomType", "single"], ["price", 150], ["size", 250], ["capacity", 1], ["pets", 0], ["breakfast", 0], ["featured", 0], ["description", "Street art edison bulb gluten-free, tofu try-hard lumbersexual brooklyn tattooed pickled chambray. Actually humblebrag next level, deep v art party wolf tofu direct trade readymade sustainable hell of banjo. Organic authentic subway tile cliche palo santo, street art XOXO dreamcatcher retro sriracha portland air plant kitsch stumptown. Austin small batch squid gastropub. Pabst pug tumblr gochujang offal retro cloud bread bushwick semiotics before they sold out sartorial literally mlkshk. Vaporware hashtag vice, sartorial before they sold out pok pok health goth trust fund cray."], ["created_at", "2020-02-02 22:54:24.364581"], ["updated_at", "2020-02-02 22:54:24.364581"]]
  [1m[35m (1.5ms)[0m  [1m[36mcommit transaction[0m
  [1m[35m (0.1ms)[0m  [1m[36mbegin transaction[0m
  [1m[36mHotelRoom Create (0.4ms)[0m  [1m[32mINSERT INTO "hotel_rooms" ("name", "slug", "roomType", "price", "size", "capacity", "pets", "breakfast", "featured", "description", "created_at", "updated_at") VALUES (?, ?, ?, ?, ?, ?, ?, ?, ?, ?, ?, ?)[0m  [["name", "single standard"], ["slug", "single-standard"], ["roomType", "single"], ["price", 250], ["size", 300], ["capacity", 1], ["pets", 1], ["breakfast", 0], ["featured", 0], ["description", "Street art edison bulb gluten-free, tofu try-hard lumbersexual brooklyn tattooed pickled chambray. Actually humblebrag next level, deep v art party wolf tofu direct trade readymade sustainable hell of banjo. Organic authentic subway tile cliche palo santo, street art XOXO dreamcatcher retro sriracha portland air plant kitsch stumptown. Austin small batch squid gastropub. Pabst pug tumblr gochujang offal retro cloud bread bushwick semiotics before they sold out sartorial literally mlkshk. Vaporware hashtag vice, sartorial before they sold out pok pok health goth trust fund cray."], ["created_at", "2020-02-02 22:54:24.370644"], ["updated_at", "2020-02-02 22:54:24.370644"]]
  [1m[35m (1.7ms)[0m  [1m[36mcommit transaction[0m
  [1m[35m (0.1ms)[0m  [1m[36mbegin transaction[0m
  [1m[36mHotelRoom Create (0.4ms)[0m  [1m[32mINSERT INTO "hotel_rooms" ("name", "slug", "roomType", "price", "size", "capacity", "pets", "breakfast", "featured", "description", "created_at", "updated_at") VALUES (?, ?, ?, ?, ?, ?, ?, ?, ?, ?, ?, ?)[0m  [["name", "single deluxe"], ["slug", "single-deluxe"], ["roomType", "single"], ["price", 300], ["size", 400], ["capacity", 1], ["pets", 1], ["breakfast", 1], ["featured", 0], ["description", "Street art edison bulb gluten-free, tofu try-hard lumbersexual brooklyn tattooed pickled chambray. Actually humblebrag next level, deep v art party wolf tofu direct trade readymade sustainable hell of banjo. Organic authentic subway tile cliche palo santo, street art XOXO dreamcatcher retro sriracha portland air plant kitsch stumptown. Austin small batch squid gastropub. Pabst pug tumblr gochujang offal retro cloud bread bushwick semiotics before they sold out sartorial literally mlkshk. Vaporware hashtag vice, sartorial before they sold out pok pok health goth trust fund cray."], ["created_at", "2020-02-02 22:54:24.377160"], ["updated_at", "2020-02-02 22:54:24.377160"]]
  [1m[35m (1.4ms)[0m  [1m[36mcommit transaction[0m
  [1m[35m (0.1ms)[0m  [1m[36mbegin transaction[0m
  [1m[36mHotelRoom Create (1.0ms)[0m  [1m[32mINSERT INTO "hotel_rooms" ("name", "slug", "roomType", "price", "size", "capacity", "pets", "breakfast", "featured", "description", "created_at", "updated_at") VALUES (?, ?, ?, ?, ?, ?, ?, ?, ?, ?, ?, ?)[0m  [["name", "double economy"], ["slug", "double-economy"], ["roomType", "double"], ["price", 200], ["size", 300], ["capacity", 2], ["pets", 0], ["breakfast", 0], ["featured", 0], ["description", "Street art edison bulb gluten-free, tofu try-hard lumbersexual brooklyn tattooed pickled chambray. Actually humblebrag next level, deep v art party wolf tofu direct trade readymade sustainable hell of banjo. Organic authentic subway tile cliche palo santo, street art XOXO dreamcatcher retro sriracha portland air plant kitsch stumptown. Austin small batch squid gastropub. Pabst pug tumblr gochujang offal retro cloud bread bushwick semiotics before they sold out sartorial literally mlkshk. Vaporware hashtag vice, sartorial before they sold out pok pok health goth trust fund cray."], ["created_at", "2020-02-02 22:54:24.382899"], ["updated_at", "2020-02-02 22:54:24.382899"]]
  [1m[35m (1.7ms)[0m  [1m[36mcommit transaction[0m
  [1m[35m (0.1ms)[0m  [1m[36mbegin transaction[0m
  [1m[36mHotelRoom Create (0.4ms)[0m  [1m[32mINSERT INTO "hotel_rooms" ("name", "slug", "roomType", "price", "size", "capacity", "pets", "breakfast", "featured", "description", "created_at", "updated_at") VALUES (?, ?, ?, ?, ?, ?, ?, ?, ?, ?, ?, ?)[0m  [["name", "double basic"], ["slug", "double-basic"], ["roomType", "double"], ["price", 250], ["size", 350], ["capacity", 2], ["pets", 0], ["breakfast", 0], ["featured", 0], ["description", "Street art edison bulb gluten-free, tofu try-hard lumbersexual brooklyn tattooed pickled chambray. Actually humblebrag next level, deep v art party wolf tofu direct trade readymade sustainable hell of banjo. Organic authentic subway tile cliche palo santo, street art XOXO dreamcatcher retro sriracha portland air plant kitsch stumptown. Austin small batch squid gastropub. Pabst pug tumblr gochujang offal retro cloud bread bushwick semiotics before they sold out sartorial literally mlkshk. Vaporware hashtag vice, sartorial before they sold out pok pok health goth trust fund cray."], ["created_at", "2020-02-02 22:54:24.390149"], ["updated_at", "2020-02-02 22:54:24.390149"]]
  [1m[35m (1.8ms)[0m  [1m[36mcommit transaction[0m
  [1m[35m (0.1ms)[0m  [1m[36mbegin transaction[0m
  [1m[36mHotelRoom Create (0.4ms)[0m  [1m[32mINSERT INTO "hotel_rooms" ("name", "slug", "roomType", "price", "size", "capacity", "pets", "breakfast", "featured", "description", "created_at", "updated_at") VALUES (?, ?, ?, ?, ?, ?, ?, ?, ?, ?, ?, ?)[0m  [["name", "double standard"], ["slug", "double-standard"], ["roomType", "double"], ["price", 300], ["size", 400], ["capacity", 2], ["pets", 1], ["breakfast", 0], ["featured", 0], ["description", "Street art edison bulb gluten-free, tofu try-hard lumbersexual brooklyn tattooed pickled chambray. Actually humblebrag next level, deep v art party wolf tofu direct trade readymade sustainable hell of banjo. Organic authentic subway tile cliche palo santo, street art XOXO dreamcatcher retro sriracha portland air plant kitsch stumptown. Austin small batch squid gastropub. Pabst pug tumblr gochujang offal retro cloud bread bushwick semiotics before they sold out sartorial literally mlkshk. Vaporware hashtag vice, sartorial before they sold out pok pok health goth trust fund cray."], ["created_at", "2020-02-02 22:54:24.396374"], ["updated_at", "2020-02-02 22:54:24.396374"]]
  [1m[35m (1.5ms)[0m  [1m[36mcommit transaction[0m
  [1m[35m (0.1ms)[0m  [1m[36mbegin transaction[0m
  [1m[36mHotelRoom Create (11.0ms)[0m  [1m[32mINSERT INTO "hotel_rooms" ("name", "slug", "roomType", "price", "size", "capacity", "pets", "breakfast", "featured", "description", "created_at", "updated_at") VALUES (?, ?, ?, ?, ?, ?, ?, ?, ?, ?, ?, ?)[0m  [["name", "double deluxe"], ["slug", "double-deluxe"], ["roomType", "double"], ["price", 400], ["size", 500], ["capacity", 2], ["pets", 1], ["breakfast", 1], ["featured", 1], ["description", "Street art edison bulb gluten-free, tofu try-hard lumbersexual brooklyn tattooed pickled chambray. Actually humblebrag next level, deep v art party wolf tofu direct trade readymade sustainable hell of banjo. Organic authentic subway tile cliche palo santo, street art XOXO dreamcatcher retro sriracha portland air plant kitsch stumptown. Austin small batch squid gastropub. Pabst pug tumblr gochujang offal retro cloud bread bushwick semiotics before they sold out sartorial literally mlkshk. Vaporware hashtag vice, sartorial before they sold out pok pok health goth trust fund cray."], ["created_at", "2020-02-02 22:54:24.402269"], ["updated_at", "2020-02-02 22:54:24.402269"]]
  [1m[35m (1.5ms)[0m  [1m[36mcommit transaction[0m
  [1m[35m (0.1ms)[0m  [1m[36mbegin transaction[0m
  [1m[36mHotelRoom Create (0.4ms)[0m  [1m[32mINSERT INTO "hotel_rooms" ("name", "slug", "roomType", "price", "size", "capacity", "pets", "breakfast", "featured", "description", "created_at", "updated_at") VALUES (?, ?, ?, ?, ?, ?, ?, ?, ?, ?, ?, ?)[0m  [["name", "family economy"], ["slug", "family-economy"], ["roomType", "family"], ["price", 300], ["size", 500], ["capacity", 3], ["pets", 0], ["breakfast", 0], ["featured", 0], ["description", "Street art edison bulb gluten-free, tofu try-hard lumbersexual brooklyn tattooed pickled chambray. Actually humblebrag next level, deep v art party wolf tofu direct trade readymade sustainable hell of banjo. Organic authentic subway tile cliche palo santo, street art XOXO dreamcatcher retro sriracha portland air plant kitsch stumptown. Austin small batch squid gastropub. Pabst pug tumblr gochujang offal retro cloud bread bushwick semiotics before they sold out sartorial literally mlkshk. Vaporware hashtag vice, sartorial before they sold out pok pok health goth trust fund cray."], ["created_at", "2020-02-02 22:54:24.420780"], ["updated_at", "2020-02-02 22:54:24.420780"]]
  [1m[35m (4.2ms)[0m  [1m[36mcommit transaction[0m
  [1m[35m (0.1ms)[0m  [1m[36mbegin transaction[0m
  [1m[36mHotelRoom Create (0.4ms)[0m  [1m[32mINSERT INTO "hotel_rooms" ("name", "slug", "roomType", "price", "size", "capacity", "pets", "breakfast", "featured", "description", "created_at", "updated_at") VALUES (?, ?, ?, ?, ?, ?, ?, ?, ?, ?, ?, ?)[0m  [["name", "family basic"], ["slug", "family-basic"], ["roomType", "family"], ["price", 350], ["size", 550], ["capacity", 4], ["pets", 0], ["breakfast", 0], ["featured", 0], ["description", "Street art edison bulb gluten-free, tofu try-hard lumbersexual brooklyn tattooed pickled chambray. Actually humblebrag next level, deep v art party wolf tofu direct trade readymade sustainable hell of banjo. Organic authentic subway tile cliche palo santo, street art XOXO dreamcatcher retro sriracha portland air plant kitsch stumptown. Austin small batch squid gastropub. Pabst pug tumblr gochujang offal retro cloud bread bushwick semiotics before they sold out sartorial literally mlkshk. Vaporware hashtag vice, sartorial before they sold out pok pok health goth trust fund cray."], ["created_at", "2020-02-02 22:54:24.431473"], ["updated_at", "2020-02-02 22:54:24.431473"]]
  [1m[35m (1.9ms)[0m  [1m[36mcommit transaction[0m
  [1m[35m (0.1ms)[0m  [1m[36mbegin transaction[0m
  [1m[36mHotelRoom Create (5.9ms)[0m  [1m[32mINSERT INTO "hotel_rooms" ("name", "slug", "roomType", "price", "size", "capacity", "pets", "breakfast", "featured", "description", "created_at", "updated_at") VALUES (?, ?, ?, ?, ?, ?, ?, ?, ?, ?, ?, ?)[0m  [["name", "family standard"], ["slug", "family-standard"], ["roomType", "family"], ["price", 400], ["size", 600], ["capacity", 5], ["pets", 1], ["breakfast", 0], ["featured", 0], ["description", "Street art edison bulb gluten-free, tofu try-hard lumbersexual brooklyn tattooed pickled chambray. Actually humblebrag next level, deep v art party wolf tofu direct trade readymade sustainable hell of banjo. Organic authentic subway tile cliche palo santo, street art XOXO dreamcatcher retro sriracha portland air plant kitsch stumptown. Austin small batch squid gastropub. Pabst pug tumblr gochujang offal retro cloud bread bushwick semiotics before they sold out sartorial literally mlkshk. Vaporware hashtag vice, sartorial before they sold out pok pok health goth trust fund cray."], ["created_at", "2020-02-02 22:54:24.448280"], ["updated_at", "2020-02-02 22:54:24.448280"]]
  [1m[35m (1.6ms)[0m  [1m[36mcommit transaction[0m
  [1m[35m (0.1ms)[0m  [1m[36mbegin transaction[0m
  [1m[36mHotelRoom Create (0.4ms)[0m  [1m[32mINSERT INTO "hotel_rooms" ("name", "slug", "roomType", "price", "size", "capacity", "pets", "breakfast", "featured", "description", "created_at", "updated_at") VALUES (?, ?, ?, ?, ?, ?, ?, ?, ?, ?, ?, ?)[0m  [["name", "family deluxe"], ["slug", "family-deluxe"], ["roomType", "family"], ["price", 500], ["size", 700], ["capacity", 6], ["pets", 1], ["breakfast", 1], ["featured", 1], ["description", "Street art edison bulb gluten-free, tofu try-hard lumbersexual brooklyn tattooed pickled chambray. Actually humblebrag next level, deep v art party wolf tofu direct trade readymade sustainable hell of banjo. Organic authentic subway tile cliche palo santo, street art XOXO dreamcatcher retro sriracha portland air plant kitsch stumptown. Austin small batch squid gastropub. Pabst pug tumblr gochujang offal retro cloud bread bushwick semiotics before they sold out sartorial literally mlkshk. Vaporware hashtag vice, sartorial before they sold out pok pok health goth trust fund cray."], ["created_at", "2020-02-02 22:54:24.478817"], ["updated_at", "2020-02-02 22:54:24.478817"]]
  [1m[35m (1.5ms)[0m  [1m[36mcommit transaction[0m
  [1m[35m (0.1ms)[0m  [1m[36mbegin transaction[0m
  [1m[36mHotelRoom Create (0.4ms)[0m  [1m[32mINSERT INTO "hotel_rooms" ("name", "slug", "roomType", "price", "size", "capacity", "pets", "breakfast", "featured", "description", "created_at", "updated_at") VALUES (?, ?, ?, ?, ?, ?, ?, ?, ?, ?, ?, ?)[0m  [["name", "presidential"], ["slug", "presidential-room"], ["roomType", "presidential"], ["price", 600], ["size", 1000], ["capacity", 10], ["pets", 1], ["breakfast", 1], ["featured", 1], ["description", "Street art edison bulb gluten-free, tofu try-hard lumbersexual brooklyn tattooed pickled chambray. Actually humblebrag next level, deep v art party wolf tofu direct trade readymade sustainable hell of banjo. Organic authentic subway tile cliche palo santo, street art XOXO dreamcatcher retro sriracha portland air plant kitsch stumptown. Austin small batch squid gastropub. Pabst pug tumblr gochujang offal retro cloud bread bushwick semiotics before they sold out sartorial literally mlkshk. Vaporware hashtag vice, sartorial before they sold out pok pok health goth trust fund cray."], ["created_at", "2020-02-02 22:54:24.484415"], ["updated_at", "2020-02-02 22:54:24.484415"]]
  [1m[35m (2.7ms)[0m  [1m[36mcommit transaction[0m
  [1m[35m (0.1ms)[0m  [1m[36mbegin transaction[0m
  [1m[36mImage Create (0.4ms)[0m  [1m[32mINSERT INTO "images" ("roomImage", "roomDetails1", "roomDetails2", "roomDetails3", "roomDetails4", "created_at", "updated_at") VALUES (?, ?, ?, ?, ?, ?, ?)[0m  [["roomImage", "images/room-1.jpeg"], ["roomDetails1", "images/details-1.jpeg"], ["roomDetails2", "images/details-2.jpeg"], ["roomDetails3", "images/details-3.jpeg"], ["roomDetails4", "images/details-4.jpeg"], ["created_at", "2020-02-02 22:54:24.502333"], ["updated_at", "2020-02-02 22:54:24.502333"]]
  [1m[35m (1.8ms)[0m  [1m[36mcommit transaction[0m
  [1m[35m (0.1ms)[0m  [1m[36mbegin transaction[0m
  [1m[36mImage Create (0.5ms)[0m  [1m[32mINSERT INTO "images" ("roomImage", "roomDetails1", "roomDetails2", "roomDetails3", "roomDetails4", "created_at", "updated_at") VALUES (?, ?, ?, ?, ?, ?, ?)[0m  [["roomImage", "images/room-2.jpeg"], ["roomDetails1", "images/details-1.jpeg"], ["roomDetails2", "images/details-2.jpeg"], ["roomDetails3", "images/details-3.jpeg"], ["roomDetails4", "images/details-4.jpeg"], ["created_at", "2020-02-02 22:54:24.508383"], ["updated_at", "2020-02-02 22:54:24.508383"]]
  [1m[35m (1.6ms)[0m  [1m[36mcommit transaction[0m
  [1m[35m (0.1ms)[0m  [1m[36mbegin transaction[0m
  [1m[36mImage Create (0.4ms)[0m  [1m[32mINSERT INTO "images" ("roomImage", "roomDetails1", "roomDetails2", "roomDetails3", "roomDetails4", "created_at", "updated_at") VALUES (?, ?, ?, ?, ?, ?, ?)[0m  [["roomImage", "images/room-3.jpeg"], ["roomDetails1", "images/details-1.jpeg"], ["roomDetails2", "images/details-2.jpeg"], ["roomDetails3", "images/details-3.jpeg"], ["roomDetails4", "images/details-4.jpeg"], ["created_at", "2020-02-02 22:54:24.515911"], ["updated_at", "2020-02-02 22:54:24.515911"]]
  [1m[35m (1.5ms)[0m  [1m[36mcommit transaction[0m
  [1m[35m (0.1ms)[0m  [1m[36mbegin transaction[0m
  [1m[36mImage Create (0.8ms)[0m  [1m[32mINSERT INTO "images" ("roomImage", "roomDetails1", "roomDetails2", "roomDetails3", "roomDetails4", "created_at", "updated_at") VALUES (?, ?, ?, ?, ?, ?, ?)[0m  [["roomImage", "images/room-4.jpeg"], ["roomDetails1", "images/details-1.jpeg"], ["roomDetails2", "images/details-2.jpeg"], ["roomDetails3", "images/details-3.jpeg"], ["roomDetails4", "images/details-4.jpeg"], ["created_at", "2020-02-02 22:54:24.523721"], ["updated_at", "2020-02-02 22:54:24.523721"]]
  [1m[35m (10.4ms)[0m  [1m[36mcommit transaction[0m
  [1m[35m (0.1ms)[0m  [1m[36mbegin transaction[0m
  [1m[36mImage Create (0.5ms)[0m  [1m[32mINSERT INTO "images" ("roomImage", "roomDetails1", "roomDetails2", "roomDetails3", "roomDetails4", "created_at", "updated_at") VALUES (?, ?, ?, ?, ?, ?, ?)[0m  [["roomImage", "images/room-5.jpeg"], ["roomDetails1", "images/details-1.jpeg"], ["roomDetails2", "images/details-2.jpeg"], ["roomDetails3", "images/details-3.jpeg"], ["roomDetails4", "images/details-4.jpeg"], ["created_at", "2020-02-02 22:54:24.557030"], ["updated_at", "2020-02-02 22:54:24.557030"]]
  [1m[35m (1.8ms)[0m  [1m[36mcommit transaction[0m
  [1m[35m (0.1ms)[0m  [1m[36mbegin transaction[0m
  [1m[36mImage Create (1.2ms)[0m  [1m[32mINSERT INTO "images" ("roomImage", "roomDetails1", "roomDetails2", "roomDetails3", "roomDetails4", "created_at", "updated_at") VALUES (?, ?, ?, ?, ?, ?, ?)[0m  [["roomImage", "images/room-6.jpeg"], ["roomDetails1", "images/details-1.jpeg"], ["roomDetails2", "images/details-2.jpeg"], ["roomDetails3", "images/details-3.jpeg"], ["roomDetails4", "images/details-4.jpeg"], ["created_at", "2020-02-02 22:54:24.564557"], ["updated_at", "2020-02-02 22:54:24.564557"]]
  [1m[35m (3.2ms)[0m  [1m[36mcommit transaction[0m
  [1m[35m (0.1ms)[0m  [1m[36mbegin transaction[0m
  [1m[36mImage Create (0.5ms)[0m  [1m[32mINSERT INTO "images" ("roomImage", "roomDetails1", "roomDetails2", "roomDetails3", "roomDetails4", "created_at", "updated_at") VALUES (?, ?, ?, ?, ?, ?, ?)[0m  [["roomImage", "images/room-7.jpeg"], ["roomDetails1", "images/details-1.jpeg"], ["roomDetails2", "images/details-2.jpeg"], ["roomDetails3", "images/details-3.jpeg"], ["roomDetails4", "images/details-4.jpeg"], ["created_at", "2020-02-02 22:54:24.576483"], ["updated_at", "2020-02-02 22:54:24.576483"]]
  [1m[35m (1.8ms)[0m  [1m[36mcommit transaction[0m
  [1m[35m (0.1ms)[0m  [1m[36mbegin transaction[0m
  [1m[36mImage Create (0.4ms)[0m  [1m[32mINSERT INTO "images" ("roomImage", "roomDetails1", "roomDetails2", "roomDetails3", "roomDetails4", "created_at", "updated_at") VALUES (?, ?, ?, ?, ?, ?, ?)[0m  [["roomImage", "images/room-8.jpeg"], ["roomDetails1", "images/details-1.jpeg"], ["roomDetails2", "images/details-2.jpeg"], ["roomDetails3", "images/details-3.jpeg"], ["roomDetails4", "images/details-4.jpeg"], ["created_at", "2020-02-02 22:54:24.583460"], ["updated_at", "2020-02-02 22:54:24.583460"]]
  [1m[35m (2.2ms)[0m  [1m[36mcommit transaction[0m
  [1m[35m (0.1ms)[0m  [1m[36mbegin transaction[0m
  [1m[36mImage Create (0.4ms)[0m  [1m[32mINSERT INTO "images" ("roomImage", "roomDetails1", "roomDetails2", "roomDetails3", "roomDetails4", "created_at", "updated_at") VALUES (?, ?, ?, ?, ?, ?, ?)[0m  [["roomImage", "images/room-9.jpeg"], ["roomDetails1", "images/details-1.jpeg"], ["roomDetails2", "images/details-2.jpeg"], ["roomDetails3", "images/details-3.jpeg"], ["roomDetails4", "images/details-4.jpeg"], ["created_at", "2020-02-02 22:54:24.590633"], ["updated_at", "2020-02-02 22:54:24.590633"]]
  [1m[35m (2.2ms)[0m  [1m[36mcommit transaction[0m
  [1m[35m (0.1ms)[0m  [1m[36mbegin transaction[0m
  [1m[36mImage Create (0.4ms)[0m  [1m[32mINSERT INTO "images" ("roomImage", "roomDetails1", "roomDetails2", "roomDetails3", "roomDetails4", "created_at", "updated_at") VALUES (?, ?, ?, ?, ?, ?, ?)[0m  [["roomImage", "images/room-10.jpeg"], ["roomDetails1", "images/details-1.jpeg"], ["roomDetails2", "images/details-2.jpeg"], ["roomDetails3", "images/details-3.jpeg"], ["roomDetails4", "images/details-4.jpeg"], ["created_at", "2020-02-02 22:54:24.597666"], ["updated_at", "2020-02-02 22:54:24.597666"]]
  [1m[35m (2.0ms)[0m  [1m[36mcommit transaction[0m
  [1m[35m (0.1ms)[0m  [1m[36mbegin transaction[0m
  [1m[36mImage Create (0.5ms)[0m  [1m[32mINSERT INTO "images" ("roomImage", "roomDetails1", "roomDetails2", "roomDetails3", "roomDetails4", "created_at", "updated_at") VALUES (?, ?, ?, ?, ?, ?, ?)[0m  [["roomImage", "images/room-11.jpeg"], ["roomDetails1", "images/details-1.jpeg"], ["roomDetails2", "images/details-2.jpeg"], ["roomDetails3", "images/details-3.jpeg"], ["roomDetails4", "images/details-4.jpeg"], ["created_at", "2020-02-02 22:54:24.603431"], ["updated_at", "2020-02-02 22:54:24.603431"]]
  [1m[35m (1.8ms)[0m  [1m[36mcommit transaction[0m
  [1m[35m (0.1ms)[0m  [1m[36mbegin transaction[0m
  [1m[36mImage Create (0.3ms)[0m  [1m[32mINSERT INTO "images" ("roomImage", "roomDetails1", "roomDetails2", "roomDetails3", "roomDetails4", "created_at", "updated_at") VALUES (?, ?, ?, ?, ?, ?, ?)[0m  [["roomImage", "images/room-12.jpeg"], ["roomDetails1", "images/details-1.jpeg"], ["roomDetails2", "images/details-2.jpeg"], ["roomDetails3", "images/details-3.jpeg"], ["roomDetails4", "images/details-4.jpeg"], ["created_at", "2020-02-02 22:54:24.609689"], ["updated_at", "2020-02-02 22:54:24.609689"]]
  [1m[35m (2.0ms)[0m  [1m[36mcommit transaction[0m
  [1m[35m (0.1ms)[0m  [1m[36mbegin transaction[0m
  [1m[36mImage Create (0.4ms)[0m  [1m[32mINSERT INTO "images" ("roomImage", "roomDetails1", "roomDetails2", "roomDetails3", "roomDetails4", "created_at", "updated_at") VALUES (?, ?, ?, ?, ?, ?, ?)[0m  [["roomImage", "images/room-13.jpeg"], ["roomDetails1", "images/details-1.jpeg"], ["roomDetails2", "images/details-2.jpeg"], ["roomDetails3", "images/details-3.jpeg"], ["roomDetails4", "images/details-4.jpeg"], ["created_at", "2020-02-02 22:54:24.615564"], ["updated_at", "2020-02-02 22:54:24.615564"]]
  [1m[35m (1.9ms)[0m  [1m[36mcommit transaction[0m
  [1m[35m (0.4ms)[0m  [1m[34mSELECT sqlite_version(*)[0m
  [1m[35m (0.1ms)[0m  [1m[34mSELECT "schema_migrations"."version" FROM "schema_migrations" ORDER BY "schema_migrations"."version" ASC[0m
  [1m[35m (0.1ms)[0m  [1m[34mSELECT sqlite_version(*)[0m
  [1m[35m (0.1ms)[0m  [1m[36mbegin transaction[0m
  [1m[36mHotelRoom Create (0.5ms)[0m  [1m[32mINSERT INTO "hotel_rooms" ("name", "slug", "roomType", "price", "size", "capacity", "pets", "breakfast", "featured", "description", "created_at", "updated_at") VALUES (?, ?, ?, ?, ?, ?, ?, ?, ?, ?, ?, ?)[0m  [["name", "single-economy"], ["slug", "single economy"], ["roomType", "single"], ["price", 100], ["size", 200], ["capacity", 1], ["pets", 0], ["breakfast", 0], ["featured", 0], ["description", "Street art edison bulb gluten-free, tofu try-hard lumbersexual brooklyn tattooed pickled chambray. Actually humblebrag next level, deep v art party wolf tofu direct trade readymade sustainable hell of banjo. Organic authentic subway tile cliche palo santo, street art XOXO dreamcatcher retro sriracha portland air plant kitsch stumptown. Austin small batch squid gastropub. Pabst pug tumblr gochujang offal retro cloud bread bushwick semiotics before they sold out sartorial literally mlkshk. Vaporware hashtag vice, sartorial before they sold out pok pok health goth trust fund cray."], ["created_at", "2020-02-02 22:55:17.983298"], ["updated_at", "2020-02-02 22:55:17.983298"]]
  [1m[35m (1.6ms)[0m  [1m[36mcommit transaction[0m
  [1m[35m (0.1ms)[0m  [1m[36mbegin transaction[0m
  [1m[36mHotelRoom Create (0.4ms)[0m  [1m[32mINSERT INTO "hotel_rooms" ("name", "slug", "roomType", "price", "size", "capacity", "pets", "breakfast", "featured", "description", "created_at", "updated_at") VALUES (?, ?, ?, ?, ?, ?, ?, ?, ?, ?, ?, ?)[0m  [["name", "single basic"], ["slug", "single-basic"], ["roomType", "single"], ["price", 150], ["size", 250], ["capacity", 1], ["pets", 0], ["breakfast", 0], ["featured", 0], ["description", "Street art edison bulb gluten-free, tofu try-hard lumbersexual brooklyn tattooed pickled chambray. Actually humblebrag next level, deep v art party wolf tofu direct trade readymade sustainable hell of banjo. Organic authentic subway tile cliche palo santo, street art XOXO dreamcatcher retro sriracha portland air plant kitsch stumptown. Austin small batch squid gastropub. Pabst pug tumblr gochujang offal retro cloud bread bushwick semiotics before they sold out sartorial literally mlkshk. Vaporware hashtag vice, sartorial before they sold out pok pok health goth trust fund cray."], ["created_at", "2020-02-02 22:55:17.989887"], ["updated_at", "2020-02-02 22:55:17.989887"]]
  [1m[35m (1.6ms)[0m  [1m[36mcommit transaction[0m
  [1m[35m (0.1ms)[0m  [1m[36mbegin transaction[0m
  [1m[36mHotelRoom Create (0.6ms)[0m  [1m[32mINSERT INTO "hotel_rooms" ("name", "slug", "roomType", "price", "size", "capacity", "pets", "breakfast", "featured", "description", "created_at", "updated_at") VALUES (?, ?, ?, ?, ?, ?, ?, ?, ?, ?, ?, ?)[0m  [["name", "single standard"], ["slug", "single-standard"], ["roomType", "single"], ["price", 250], ["size", 300], ["capacity", 1], ["pets", 1], ["breakfast", 0], ["featured", 0], ["description", "Street art edison bulb gluten-free, tofu try-hard lumbersexual brooklyn tattooed pickled chambray. Actually humblebrag next level, deep v art party wolf tofu direct trade readymade sustainable hell of banjo. Organic authentic subway tile cliche palo santo, street art XOXO dreamcatcher retro sriracha portland air plant kitsch stumptown. Austin small batch squid gastropub. Pabst pug tumblr gochujang offal retro cloud bread bushwick semiotics before they sold out sartorial literally mlkshk. Vaporware hashtag vice, sartorial before they sold out pok pok health goth trust fund cray."], ["created_at", "2020-02-02 22:55:17.995958"], ["updated_at", "2020-02-02 22:55:17.995958"]]
  [1m[35m (2.0ms)[0m  [1m[36mcommit transaction[0m
  [1m[35m (0.2ms)[0m  [1m[36mbegin transaction[0m
  [1m[36mHotelRoom Create (0.5ms)[0m  [1m[32mINSERT INTO "hotel_rooms" ("name", "slug", "roomType", "price", "size", "capacity", "pets", "breakfast", "featured", "description", "created_at", "updated_at") VALUES (?, ?, ?, ?, ?, ?, ?, ?, ?, ?, ?, ?)[0m  [["name", "single deluxe"], ["slug", "single-deluxe"], ["roomType", "single"], ["price", 300], ["size", 400], ["capacity", 1], ["pets", 1], ["breakfast", 1], ["featured", 0], ["description", "Street art edison bulb gluten-free, tofu try-hard lumbersexual brooklyn tattooed pickled chambray. Actually humblebrag next level, deep v art party wolf tofu direct trade readymade sustainable hell of banjo. Organic authentic subway tile cliche palo santo, street art XOXO dreamcatcher retro sriracha portland air plant kitsch stumptown. Austin small batch squid gastropub. Pabst pug tumblr gochujang offal retro cloud bread bushwick semiotics before they sold out sartorial literally mlkshk. Vaporware hashtag vice, sartorial before they sold out pok pok health goth trust fund cray."], ["created_at", "2020-02-02 22:55:18.085047"], ["updated_at", "2020-02-02 22:55:18.085047"]]
  [1m[35m (1.6ms)[0m  [1m[36mcommit transaction[0m
  [1m[35m (0.1ms)[0m  [1m[36mbegin transaction[0m
  [1m[36mHotelRoom Create (0.4ms)[0m  [1m[32mINSERT INTO "hotel_rooms" ("name", "slug", "roomType", "price", "size", "capacity", "pets", "breakfast", "featured", "description", "created_at", "updated_at") VALUES (?, ?, ?, ?, ?, ?, ?, ?, ?, ?, ?, ?)[0m  [["name", "double economy"], ["slug", "double-economy"], ["roomType", "double"], ["price", 200], ["size", 300], ["capacity", 2], ["pets", 0], ["breakfast", 0], ["featured", 0], ["description", "Street art edison bulb gluten-free, tofu try-hard lumbersexual brooklyn tattooed pickled chambray. Actually humblebrag next level, deep v art party wolf tofu direct trade readymade sustainable hell of banjo. Organic authentic subway tile cliche palo santo, street art XOXO dreamcatcher retro sriracha portland air plant kitsch stumptown. Austin small batch squid gastropub. Pabst pug tumblr gochujang offal retro cloud bread bushwick semiotics before they sold out sartorial literally mlkshk. Vaporware hashtag vice, sartorial before they sold out pok pok health goth trust fund cray."], ["created_at", "2020-02-02 22:55:18.091611"], ["updated_at", "2020-02-02 22:55:18.091611"]]
  [1m[35m (1.9ms)[0m  [1m[36mcommit transaction[0m
  [1m[35m (0.1ms)[0m  [1m[36mbegin transaction[0m
  [1m[36mHotelRoom Create (0.4ms)[0m  [1m[32mINSERT INTO "hotel_rooms" ("name", "slug", "roomType", "price", "size", "capacity", "pets", "breakfast", "featured", "description", "created_at", "updated_at") VALUES (?, ?, ?, ?, ?, ?, ?, ?, ?, ?, ?, ?)[0m  [["name", "double basic"], ["slug", "double-basic"], ["roomType", "double"], ["price", 250], ["size", 350], ["capacity", 2], ["pets", 0], ["breakfast", 0], ["featured", 0], ["description", "Street art edison bulb gluten-free, tofu try-hard lumbersexual brooklyn tattooed pickled chambray. Actually humblebrag next level, deep v art party wolf tofu direct trade readymade sustainable hell of banjo. Organic authentic subway tile cliche palo santo, street art XOXO dreamcatcher retro sriracha portland air plant kitsch stumptown. Austin small batch squid gastropub. Pabst pug tumblr gochujang offal retro cloud bread bushwick semiotics before they sold out sartorial literally mlkshk. Vaporware hashtag vice, sartorial before they sold out pok pok health goth trust fund cray."], ["created_at", "2020-02-02 22:55:18.097885"], ["updated_at", "2020-02-02 22:55:18.097885"]]
  [1m[35m (1.7ms)[0m  [1m[36mcommit transaction[0m
  [1m[35m (0.1ms)[0m  [1m[36mbegin transaction[0m
  [1m[36mHotelRoom Create (0.4ms)[0m  [1m[32mINSERT INTO "hotel_rooms" ("name", "slug", "roomType", "price", "size", "capacity", "pets", "breakfast", "featured", "description", "created_at", "updated_at") VALUES (?, ?, ?, ?, ?, ?, ?, ?, ?, ?, ?, ?)[0m  [["name", "double standard"], ["slug", "double-standard"], ["roomType", "double"], ["price", 300], ["size", 400], ["capacity", 2], ["pets", 1], ["breakfast", 0], ["featured", 0], ["description", "Street art edison bulb gluten-free, tofu try-hard lumbersexual brooklyn tattooed pickled chambray. Actually humblebrag next level, deep v art party wolf tofu direct trade readymade sustainable hell of banjo. Organic authentic subway tile cliche palo santo, street art XOXO dreamcatcher retro sriracha portland air plant kitsch stumptown. Austin small batch squid gastropub. Pabst pug tumblr gochujang offal retro cloud bread bushwick semiotics before they sold out sartorial literally mlkshk. Vaporware hashtag vice, sartorial before they sold out pok pok health goth trust fund cray."], ["created_at", "2020-02-02 22:55:18.104016"], ["updated_at", "2020-02-02 22:55:18.104016"]]
  [1m[35m (1.6ms)[0m  [1m[36mcommit transaction[0m
  [1m[35m (0.2ms)[0m  [1m[36mbegin transaction[0m
  [1m[36mHotelRoom Create (14.8ms)[0m  [1m[32mINSERT INTO "hotel_rooms" ("name", "slug", "roomType", "price", "size", "capacity", "pets", "breakfast", "featured", "description", "created_at", "updated_at") VALUES (?, ?, ?, ?, ?, ?, ?, ?, ?, ?, ?, ?)[0m  [["name", "double deluxe"], ["slug", "double-deluxe"], ["roomType", "double"], ["price", 400], ["size", 500], ["capacity", 2], ["pets", 1], ["breakfast", 1], ["featured", 1], ["description", "Street art edison bulb gluten-free, tofu try-hard lumbersexual brooklyn tattooed pickled chambray. Actually humblebrag next level, deep v art party wolf tofu direct trade readymade sustainable hell of banjo. Organic authentic subway tile cliche palo santo, street art XOXO dreamcatcher retro sriracha portland air plant kitsch stumptown. Austin small batch squid gastropub. Pabst pug tumblr gochujang offal retro cloud bread bushwick semiotics before they sold out sartorial literally mlkshk. Vaporware hashtag vice, sartorial before they sold out pok pok health goth trust fund cray."], ["created_at", "2020-02-02 22:55:18.109889"], ["updated_at", "2020-02-02 22:55:18.109889"]]
  [1m[35m (2.0ms)[0m  [1m[36mcommit transaction[0m
  [1m[35m (0.1ms)[0m  [1m[36mbegin transaction[0m
  [1m[36mHotelRoom Create (0.4ms)[0m  [1m[32mINSERT INTO "hotel_rooms" ("name", "slug", "roomType", "price", "size", "capacity", "pets", "breakfast", "featured", "description", "created_at", "updated_at") VALUES (?, ?, ?, ?, ?, ?, ?, ?, ?, ?, ?, ?)[0m  [["name", "family economy"], ["slug", "family-economy"], ["roomType", "family"], ["price", 300], ["size", 500], ["capacity", 3], ["pets", 0], ["breakfast", 0], ["featured", 0], ["description", "Street art edison bulb gluten-free, tofu try-hard lumbersexual brooklyn tattooed pickled chambray. Actually humblebrag next level, deep v art party wolf tofu direct trade readymade sustainable hell of banjo. Organic authentic subway tile cliche palo santo, street art XOXO dreamcatcher retro sriracha portland air plant kitsch stumptown. Austin small batch squid gastropub. Pabst pug tumblr gochujang offal retro cloud bread bushwick semiotics before they sold out sartorial literally mlkshk. Vaporware hashtag vice, sartorial before they sold out pok pok health goth trust fund cray."], ["created_at", "2020-02-02 22:55:18.132976"], ["updated_at", "2020-02-02 22:55:18.132976"]]
  [1m[35m (2.9ms)[0m  [1m[36mcommit transaction[0m
  [1m[35m (0.1ms)[0m  [1m[36mbegin transaction[0m
  [1m[36mHotelRoom Create (0.5ms)[0m  [1m[32mINSERT INTO "hotel_rooms" ("name", "slug", "roomType", "price", "size", "capacity", "pets", "breakfast", "featured", "description", "created_at", "updated_at") VALUES (?, ?, ?, ?, ?, ?, ?, ?, ?, ?, ?, ?)[0m  [["name", "family basic"], ["slug", "family-basic"], ["roomType", "family"], ["price", 350], ["size", 550], ["capacity", 4], ["pets", 0], ["breakfast", 0], ["featured", 0], ["description", "Street art edison bulb gluten-free, tofu try-hard lumbersexual brooklyn tattooed pickled chambray. Actually humblebrag next level, deep v art party wolf tofu direct trade readymade sustainable hell of banjo. Organic authentic subway tile cliche palo santo, street art XOXO dreamcatcher retro sriracha portland air plant kitsch stumptown. Austin small batch squid gastropub. Pabst pug tumblr gochujang offal retro cloud bread bushwick semiotics before they sold out sartorial literally mlkshk. Vaporware hashtag vice, sartorial before they sold out pok pok health goth trust fund cray."], ["created_at", "2020-02-02 22:55:18.145698"], ["updated_at", "2020-02-02 22:55:18.145698"]]
  [1m[35m (1.9ms)[0m  [1m[36mcommit transaction[0m
  [1m[35m (0.1ms)[0m  [1m[36mbegin transaction[0m
  [1m[36mHotelRoom Create (0.6ms)[0m  [1m[32mINSERT INTO "hotel_rooms" ("name", "slug", "roomType", "price", "size", "capacity", "pets", "breakfast", "featured", "description", "created_at", "updated_at") VALUES (?, ?, ?, ?, ?, ?, ?, ?, ?, ?, ?, ?)[0m  [["name", "family standard"], ["slug", "family-standard"], ["roomType", "family"], ["price", 400], ["size", 600], ["capacity", 5], ["pets", 1], ["breakfast", 0], ["featured", 0], ["description", "Street art edison bulb gluten-free, tofu try-hard lumbersexual brooklyn tattooed pickled chambray. Actually humblebrag next level, deep v art party wolf tofu direct trade readymade sustainable hell of banjo. Organic authentic subway tile cliche palo santo, street art XOXO dreamcatcher retro sriracha portland air plant kitsch stumptown. Austin small batch squid gastropub. Pabst pug tumblr gochujang offal retro cloud bread bushwick semiotics before they sold out sartorial literally mlkshk. Vaporware hashtag vice, sartorial before they sold out pok pok health goth trust fund cray."], ["created_at", "2020-02-02 22:55:18.152954"], ["updated_at", "2020-02-02 22:55:18.152954"]]
  [1m[35m (1.9ms)[0m  [1m[36mcommit transaction[0m
  [1m[35m (0.1ms)[0m  [1m[36mbegin transaction[0m
  [1m[36mHotelRoom Create (0.4ms)[0m  [1m[32mINSERT INTO "hotel_rooms" ("name", "slug", "roomType", "price", "size", "capacity", "pets", "breakfast", "featured", "description", "created_at", "updated_at") VALUES (?, ?, ?, ?, ?, ?, ?, ?, ?, ?, ?, ?)[0m  [["name", "family deluxe"], ["slug", "family-deluxe"], ["roomType", "family"], ["price", 500], ["size", 700], ["capacity", 6], ["pets", 1], ["breakfast", 1], ["featured", 1], ["description", "Street art edison bulb gluten-free, tofu try-hard lumbersexual brooklyn tattooed pickled chambray. Actually humblebrag next level, deep v art party wolf tofu direct trade readymade sustainable hell of banjo. Organic authentic subway tile cliche palo santo, street art XOXO dreamcatcher retro sriracha portland air plant kitsch stumptown. Austin small batch squid gastropub. Pabst pug tumblr gochujang offal retro cloud bread bushwick semiotics before they sold out sartorial literally mlkshk. Vaporware hashtag vice, sartorial before they sold out pok pok health goth trust fund cray."], ["created_at", "2020-02-02 22:55:18.160252"], ["updated_at", "2020-02-02 22:55:18.160252"]]
  [1m[35m (2.0ms)[0m  [1m[36mcommit transaction[0m
  [1m[35m (0.1ms)[0m  [1m[36mbegin transaction[0m
  [1m[36mHotelRoom Create (0.4ms)[0m  [1m[32mINSERT INTO "hotel_rooms" ("name", "slug", "roomType", "price", "size", "capacity", "pets", "breakfast", "featured", "description", "created_at", "updated_at") VALUES (?, ?, ?, ?, ?, ?, ?, ?, ?, ?, ?, ?)[0m  [["name", "presidential"], ["slug", "presidential-room"], ["roomType", "presidential"], ["price", 600], ["size", 1000], ["capacity", 10], ["pets", 1], ["breakfast", 1], ["featured", 1], ["description", "Street art edison bulb gluten-free, tofu try-hard lumbersexual brooklyn tattooed pickled chambray. Actually humblebrag next level, deep v art party wolf tofu direct trade readymade sustainable hell of banjo. Organic authentic subway tile cliche palo santo, street art XOXO dreamcatcher retro sriracha portland air plant kitsch stumptown. Austin small batch squid gastropub. Pabst pug tumblr gochujang offal retro cloud bread bushwick semiotics before they sold out sartorial literally mlkshk. Vaporware hashtag vice, sartorial before they sold out pok pok health goth trust fund cray."], ["created_at", "2020-02-02 22:55:18.166606"], ["updated_at", "2020-02-02 22:55:18.166606"]]
  [1m[35m (2.0ms)[0m  [1m[36mcommit transaction[0m
  [1m[35m (0.1ms)[0m  [1m[36mbegin transaction[0m
  [1m[36mImage Create (0.4ms)[0m  [1m[32mINSERT INTO "images" ("roomImage", "roomDetails1", "roomDetails2", "roomDetails3", "roomDetails4", "created_at", "updated_at") VALUES (?, ?, ?, ?, ?, ?, ?)[0m  [["roomImage", "images/room-1.jpeg"], ["roomDetails1", "images/details-1.jpeg"], ["roomDetails2", "images/details-2.jpeg"], ["roomDetails3", "images/details-3.jpeg"], ["roomDetails4", "images/details-4.jpeg"], ["created_at", "2020-02-02 22:55:18.183703"], ["updated_at", "2020-02-02 22:55:18.183703"]]
  [1m[35m (2.0ms)[0m  [1m[36mcommit transaction[0m
  [1m[35m (0.0ms)[0m  [1m[36mbegin transaction[0m
  [1m[36mImage Create (0.4ms)[0m  [1m[32mINSERT INTO "images" ("roomImage", "roomDetails1", "roomDetails2", "roomDetails3", "roomDetails4", "created_at", "updated_at") VALUES (?, ?, ?, ?, ?, ?, ?)[0m  [["roomImage", "images/room-2.jpeg"], ["roomDetails1", "images/details-1.jpeg"], ["roomDetails2", "images/details-2.jpeg"], ["roomDetails3", "images/details-3.jpeg"], ["roomDetails4", "images/details-4.jpeg"], ["created_at", "2020-02-02 22:55:18.189763"], ["updated_at", "2020-02-02 22:55:18.189763"]]
  [1m[35m (2.5ms)[0m  [1m[36mcommit transaction[0m
  [1m[35m (0.2ms)[0m  [1m[36mbegin transaction[0m
  [1m[36mImage Create (0.4ms)[0m  [1m[32mINSERT INTO "images" ("roomImage", "roomDetails1", "roomDetails2", "roomDetails3", "roomDetails4", "created_at", "updated_at") VALUES (?, ?, ?, ?, ?, ?, ?)[0m  [["roomImage", "images/room-3.jpeg"], ["roomDetails1", "images/details-1.jpeg"], ["roomDetails2", "images/details-2.jpeg"], ["roomDetails3", "images/details-3.jpeg"], ["roomDetails4", "images/details-4.jpeg"], ["created_at", "2020-02-02 22:55:18.196227"], ["updated_at", "2020-02-02 22:55:18.196227"]]
  [1m[35m (2.3ms)[0m  [1m[36mcommit transaction[0m
  [1m[35m (0.0ms)[0m  [1m[36mbegin transaction[0m
  [1m[36mImage Create (0.4ms)[0m  [1m[32mINSERT INTO "images" ("roomImage", "roomDetails1", "roomDetails2", "roomDetails3", "roomDetails4", "created_at", "updated_at") VALUES (?, ?, ?, ?, ?, ?, ?)[0m  [["roomImage", "images/room-4.jpeg"], ["roomDetails1", "images/details-1.jpeg"], ["roomDetails2", "images/details-2.jpeg"], ["roomDetails3", "images/details-3.jpeg"], ["roomDetails4", "images/details-4.jpeg"], ["created_at", "2020-02-02 22:55:18.202626"], ["updated_at", "2020-02-02 22:55:18.202626"]]
  [1m[35m (2.2ms)[0m  [1m[36mcommit transaction[0m
  [1m[35m (0.0ms)[0m  [1m[36mbegin transaction[0m
  [1m[36mImage Create (0.4ms)[0m  [1m[32mINSERT INTO "images" ("roomImage", "roomDetails1", "roomDetails2", "roomDetails3", "roomDetails4", "created_at", "updated_at") VALUES (?, ?, ?, ?, ?, ?, ?)[0m  [["roomImage", "images/room-5.jpeg"], ["roomDetails1", "images/details-1.jpeg"], ["roomDetails2", "images/details-2.jpeg"], ["roomDetails3", "images/details-3.jpeg"], ["roomDetails4", "images/details-4.jpeg"], ["created_at", "2020-02-02 22:55:18.208612"], ["updated_at", "2020-02-02 22:55:18.208612"]]
  [1m[35m (2.3ms)[0m  [1m[36mcommit transaction[0m
  [1m[35m (0.1ms)[0m  [1m[36mbegin transaction[0m
  [1m[36mImage Create (0.4ms)[0m  [1m[32mINSERT INTO "images" ("roomImage", "roomDetails1", "roomDetails2", "roomDetails3", "roomDetails4", "created_at", "updated_at") VALUES (?, ?, ?, ?, ?, ?, ?)[0m  [["roomImage", "images/room-6.jpeg"], ["roomDetails1", "images/details-1.jpeg"], ["roomDetails2", "images/details-2.jpeg"], ["roomDetails3", "images/details-3.jpeg"], ["roomDetails4", "images/details-4.jpeg"], ["created_at", "2020-02-02 22:55:18.215569"], ["updated_at", "2020-02-02 22:55:18.215569"]]
  [1m[35m (4.8ms)[0m  [1m[36mcommit transaction[0m
  [1m[35m (0.1ms)[0m  [1m[36mbegin transaction[0m
  [1m[36mImage Create (0.4ms)[0m  [1m[32mINSERT INTO "images" ("roomImage", "roomDetails1", "roomDetails2", "roomDetails3", "roomDetails4", "created_at", "updated_at") VALUES (?, ?, ?, ?, ?, ?, ?)[0m  [["roomImage", "images/room-7.jpeg"], ["roomDetails1", "images/details-1.jpeg"], ["roomDetails2", "images/details-2.jpeg"], ["roomDetails3", "images/details-3.jpeg"], ["roomDetails4", "images/details-4.jpeg"], ["created_at", "2020-02-02 22:55:18.224497"], ["updated_at", "2020-02-02 22:55:18.224497"]]
  [1m[35m (2.0ms)[0m  [1m[36mcommit transaction[0m
  [1m[35m (0.1ms)[0m  [1m[36mbegin transaction[0m
  [1m[36mImage Create (0.3ms)[0m  [1m[32mINSERT INTO "images" ("roomImage", "roomDetails1", "roomDetails2", "roomDetails3", "roomDetails4", "created_at", "updated_at") VALUES (?, ?, ?, ?, ?, ?, ?)[0m  [["roomImage", "images/room-8.jpeg"], ["roomDetails1", "images/details-1.jpeg"], ["roomDetails2", "images/details-2.jpeg"], ["roomDetails3", "images/details-3.jpeg"], ["roomDetails4", "images/details-4.jpeg"], ["created_at", "2020-02-02 22:55:18.231386"], ["updated_at", "2020-02-02 22:55:18.231386"]]
  [1m[35m (1.9ms)[0m  [1m[36mcommit transaction[0m
  [1m[35m (0.1ms)[0m  [1m[36mbegin transaction[0m
  [1m[36mImage Create (0.4ms)[0m  [1m[32mINSERT INTO "images" ("roomImage", "roomDetails1", "roomDetails2", "roomDetails3", "roomDetails4", "created_at", "updated_at") VALUES (?, ?, ?, ?, ?, ?, ?)[0m  [["roomImage", "images/room-9.jpeg"], ["roomDetails1", "images/details-1.jpeg"], ["roomDetails2", "images/details-2.jpeg"], ["roomDetails3", "images/details-3.jpeg"], ["roomDetails4", "images/details-4.jpeg"], ["created_at", "2020-02-02 22:55:18.237907"], ["updated_at", "2020-02-02 22:55:18.237907"]]
  [1m[35m (2.0ms)[0m  [1m[36mcommit transaction[0m
  [1m[35m (0.1ms)[0m  [1m[36mbegin transaction[0m
  [1m[36mImage Create (0.3ms)[0m  [1m[32mINSERT INTO "images" ("roomImage", "roomDetails1", "roomDetails2", "roomDetails3", "roomDetails4", "created_at", "updated_at") VALUES (?, ?, ?, ?, ?, ?, ?)[0m  [["roomImage", "images/room-10.jpeg"], ["roomDetails1", "images/details-1.jpeg"], ["roomDetails2", "images/details-2.jpeg"], ["roomDetails3", "images/details-3.jpeg"], ["roomDetails4", "images/details-4.jpeg"], ["created_at", "2020-02-02 22:55:18.244792"], ["updated_at", "2020-02-02 22:55:18.244792"]]
  [1m[35m (1.7ms)[0m  [1m[36mcommit transaction[0m
  [1m[35m (0.1ms)[0m  [1m[36mbegin transaction[0m
  [1m[36mImage Create (0.4ms)[0m  [1m[32mINSERT INTO "images" ("roomImage", "roomDetails1", "roomDetails2", "roomDetails3", "roomDetails4", "created_at", "updated_at") VALUES (?, ?, ?, ?, ?, ?, ?)[0m  [["roomImage", "images/room-11.jpeg"], ["roomDetails1", "images/details-1.jpeg"], ["roomDetails2", "images/details-2.jpeg"], ["roomDetails3", "images/details-3.jpeg"], ["roomDetails4", "images/details-4.jpeg"], ["created_at", "2020-02-02 22:55:18.250984"], ["updated_at", "2020-02-02 22:55:18.250984"]]
  [1m[35m (2.0ms)[0m  [1m[36mcommit transaction[0m
  [1m[35m (0.1ms)[0m  [1m[36mbegin transaction[0m
  [1m[36mImage Create (0.4ms)[0m  [1m[32mINSERT INTO "images" ("roomImage", "roomDetails1", "roomDetails2", "roomDetails3", "roomDetails4", "created_at", "updated_at") VALUES (?, ?, ?, ?, ?, ?, ?)[0m  [["roomImage", "images/room-12.jpeg"], ["roomDetails1", "images/details-1.jpeg"], ["roomDetails2", "images/details-2.jpeg"], ["roomDetails3", "images/details-3.jpeg"], ["roomDetails4", "images/details-4.jpeg"], ["created_at", "2020-02-02 22:55:18.257677"], ["updated_at", "2020-02-02 22:55:18.257677"]]
  [1m[35m (2.0ms)[0m  [1m[36mcommit transaction[0m
  [1m[35m (0.1ms)[0m  [1m[36mbegin transaction[0m
  [1m[36mImage Create (0.4ms)[0m  [1m[32mINSERT INTO "images" ("roomImage", "roomDetails1", "roomDetails2", "roomDetails3", "roomDetails4", "created_at", "updated_at") VALUES (?, ?, ?, ?, ?, ?, ?)[0m  [["roomImage", "images/room-13.jpeg"], ["roomDetails1", "images/details-1.jpeg"], ["roomDetails2", "images/details-2.jpeg"], ["roomDetails3", "images/details-3.jpeg"], ["roomDetails4", "images/details-4.jpeg"], ["created_at", "2020-02-02 22:55:18.264422"], ["updated_at", "2020-02-02 22:55:18.264422"]]
  [1m[35m (1.9ms)[0m  [1m[36mcommit transaction[0m
  [1m[35m (0.1ms)[0m  [1m[36mbegin transaction[0m
  [1m[36mExtra Create (0.4ms)[0m  [1m[32mINSERT INTO "extras" ("extras1", "extras2", "extras3", "extras4", "extras5", "extras6", "created_at", "updated_at") VALUES (?, ?, ?, ?, ?, ?, ?, ?)[0m  [["extras1", "Plush pillows and breathable bed linens"], ["extras2", "Soft, oversized bath towels"], ["extras3", "Full-sized, pH-balanced toiletries"], ["extras4", "Complimentary refreshments"], ["extras5", "Adequate safety/security"], ["extras6", "Internet"], ["created_at", "2020-02-02 22:55:18.281457"], ["updated_at", "2020-02-02 22:55:18.281457"]]
  [1m[35m (1.6ms)[0m  [1m[36mcommit transaction[0m
Started GET "/" for ::1 at 2020-02-02 16:55:58 -0600
  [1m[35m (0.7ms)[0m  [1m[34mSELECT sqlite_version(*)[0m
  [1m[35m (0.3ms)[0m  [1m[34mSELECT "schema_migrations"."version" FROM "schema_migrations" ORDER BY "schema_migrations"."version" ASC[0m
Processing by Rails::WelcomeController#index as HTML
  Rendering /Users/bananaatomica/.rbenv/versions/2.7.0/lib/ruby/gems/2.7.0/gems/railties-6.0.2.1/lib/rails/templates/rails/welcome/index.html.erb
  Rendered /Users/bananaatomica/.rbenv/versions/2.7.0/lib/ruby/gems/2.7.0/gems/railties-6.0.2.1/lib/rails/templates/rails/welcome/index.html.erb (Duration: 10.6ms | Allocations: 296)
Completed 200 OK in 29ms (Views: 21.5ms | ActiveRecord: 0.0ms | Allocations: 1551)


Started GET "/hotel_rooms" for ::1 at 2020-02-02 16:56:24 -0600
Processing by HotelRoomsController#index as HTML
  [1m[36mHotelRoom Load (11.0ms)[0m  [1m[34mSELECT "hotel_rooms".* FROM "hotel_rooms"[0m
  ↳ app/controllers/hotel_rooms_controller.rb:8:in `index'
Completed 200 OK in 140ms (Views: 121.2ms | ActiveRecord: 13.6ms | Allocations: 13262)


Started GET "/extras" for ::1 at 2020-02-02 16:56:32 -0600
Processing by ExtrasController#index as HTML
  [1m[36mExtra Load (0.7ms)[0m  [1m[34mSELECT "extras".* FROM "extras"[0m
  ↳ app/controllers/extras_controller.rb:8:in `index'
Completed 200 OK in 65ms (Views: 37.6ms | ActiveRecord: 1.9ms | Allocations: 5724)


Started GET "/images" for ::1 at 2020-02-02 16:56:42 -0600
Processing by ImagesController#index as HTML
  [1m[36mImage Load (0.3ms)[0m  [1m[34mSELECT "images".* FROM "images"[0m
  ↳ app/controllers/images_controller.rb:8:in `index'
Completed 200 OK in 46ms (Views: 34.5ms | ActiveRecord: 0.9ms | Allocations: 9333)


